2018-06-01 23:36:24.528  INFO 5556 --- [restartedMain] snoob.gdd.GddApplication                 : Starting GddApplication on LAPTOP-GBOHFTKU with PID 5556 (D:\WorkSpace\GitHub\gddSpringBoot\target\classes started by PC in D:\WorkSpace\GitHub\gddSpringBoot)
2018-06-01 23:36:24.528 DEBUG 5556 --- [restartedMain] snoob.gdd.GddApplication                 : Running with Spring Boot v2.0.2.RELEASE, Spring v5.0.6.RELEASE
2018-06-01 23:36:24.543  INFO 5556 --- [restartedMain] snoob.gdd.GddApplication                 : The following profiles are active: dev
2018-06-01 23:36:24.574  INFO 5556 --- [restartedMain] ConfigServletWebServerApplicationContext : Refreshing org.springframework.boot.web.servlet.context.AnnotationConfigServletWebServerApplicationContext@6bd6c209: startup date [Fri Jun 01 23:36:24 CST 2018]; root of context hierarchy
2018-06-01 23:36:25.199  WARN 5556 --- [restartedMain] t.m.s.mapper.ClassPathMapperScanner      : No MyBatis mapper was found in '[snoob.gdd]' package. Please check your configuration.
2018-06-01 23:36:25.215  WARN 5556 --- [restartedMain] o.m.s.mapper.ClassPathMapperScanner      : No MyBatis mapper was found in '[snoob.gdd]' package. Please check your configuration.
2018-06-01 23:36:25.942  INFO 5556 --- [restartedMain] o.s.b.w.embedded.tomcat.TomcatWebServer  : Tomcat initialized with port(s): 8080 (http)
2018-06-01 23:36:25.962  INFO 5556 --- [restartedMain] o.apache.catalina.core.StandardService   : Starting service [Tomcat]
2018-06-01 23:36:25.962  INFO 5556 --- [restartedMain] org.apache.catalina.core.StandardEngine  : Starting Servlet Engine: Apache Tomcat/8.5.31
2018-06-01 23:36:25.966  INFO 5556 --- [localhost-startStop-1] o.a.catalina.core.AprLifecycleListener   : The APR based Apache Tomcat Native library which allows optimal performance in production environments was not found on the java.library.path: [D:\Program Files\Java\jdk1.8.0_171\bin;C:\Windows\Sun\Java\bin;C:\Windows\system32;C:\Windows;C:\Program Files (x86)\Common Files\Oracle\Java\javapath;D:\Program Files\Python36\Scripts\;D:\Program Files\Python36\;C:\Program Files (x86)\Intel\iCLS Client\;C:\Program Files\Intel\iCLS Client\;C:\Windows\system32;C:\Windows;C:\Windows\System32\Wbem;C:\Windows\System32\WindowsPowerShell\v1.0\;C:\Program Files (x86)\Intel\Intel(R) Management Engine Components\DAL;C:\Program Files\Intel\Intel(R) Management Engine Components\DAL;C:\Program Files (x86)\Intel\Intel(R) Management Engine Components\IPT;C:\Program Files\Intel\Intel(R) Management Engine Components\IPT;C:\Program Files (x86)\NVIDIA Corporation\PhysX\Common;D:\Program Files\nodejs\;C:\Program Files\MySQL\MySQL Utilities 1.6\;d:\Program Files (x86)\Git\cmd;D:\Program Files\apache-maven-3.5.3\bin;D:\Program Files\Java\jdk1.8.0_171\bin;D:\Program Files\Java\jdk1.8.0_171\jre\bin;D:\Program Files\Java\jdk1.8.0_171\lib\dt.jar;C:\Users\PC\AppData\Local\Microsoft\WindowsApps;C:\Users\PC\AppData\Roaming\npm;.]
2018-06-01 23:36:26.046  INFO 5556 --- [localhost-startStop-1] o.a.c.c.C.[Tomcat].[localhost].[/]       : Initializing Spring embedded WebApplicationContext
2018-06-01 23:36:26.046  INFO 5556 --- [localhost-startStop-1] o.s.web.context.ContextLoader            : Root WebApplicationContext: initialization completed in 1472 ms
2018-06-01 23:36:26.249  INFO 5556 --- [localhost-startStop-1] o.s.b.w.servlet.ServletRegistrationBean  : Servlet dispatcherServlet mapped to [/gdd/*]
2018-06-01 23:36:26.265  INFO 5556 --- [localhost-startStop-1] o.s.b.w.servlet.FilterRegistrationBean   : Mapping filter: 'characterEncodingFilter' to: [/*]
2018-06-01 23:36:26.265  INFO 5556 --- [localhost-startStop-1] o.s.b.w.servlet.FilterRegistrationBean   : Mapping filter: 'hiddenHttpMethodFilter' to: [/*]
2018-06-01 23:36:26.265  INFO 5556 --- [localhost-startStop-1] o.s.b.w.servlet.FilterRegistrationBean   : Mapping filter: 'httpPutFormContentFilter' to: [/*]
2018-06-01 23:36:26.265  INFO 5556 --- [localhost-startStop-1] o.s.b.w.servlet.FilterRegistrationBean   : Mapping filter: 'requestContextFilter' to: [/*]
2018-06-01 23:36:27.390  INFO 5556 --- [restartedMain] o.s.w.s.handler.SimpleUrlHandlerMapping  : Mapped URL path [/**/favicon.ico] onto handler of type [class org.springframework.web.servlet.resource.ResourceHttpRequestHandler]
2018-06-01 23:36:27.734  INFO 5556 --- [restartedMain] s.w.s.m.m.a.RequestMappingHandlerAdapter : Looking for @ControllerAdvice: org.springframework.boot.web.servlet.context.AnnotationConfigServletWebServerApplicationContext@6bd6c209: startup date [Fri Jun 01 23:36:24 CST 2018]; root of context hierarchy
2018-06-01 23:36:27.843  INFO 5556 --- [restartedMain] s.w.s.m.m.a.RequestMappingHandlerMapping : Mapped "{[/demo/demo1],methods=[GET]}" onto public java.lang.Object snoob.gdd.controller.DemoController.demo()
2018-06-01 23:36:27.859  INFO 5556 --- [restartedMain] s.w.s.m.m.a.RequestMappingHandlerMapping : Mapped "{[/email/send/{type}/{receiver}],methods=[GET]}" onto public java.lang.Object snoob.gdd.controller.EmailCodeController.send(java.lang.String,java.lang.String) throws java.lang.Exception
2018-06-01 23:36:27.859  INFO 5556 --- [restartedMain] s.w.s.m.m.a.RequestMappingHandlerMapping : Mapped "{[/email/checkEmailCode/{type}/{email}/{code}]}" onto public java.lang.Object snoob.gdd.controller.EmailCodeController.checkEmailCode(java.lang.String,java.lang.String,java.lang.String) throws java.lang.Exception
2018-06-01 23:36:27.874  INFO 5556 --- [restartedMain] s.w.s.m.m.a.RequestMappingHandlerMapping : Mapped "{[/user/register],methods=[POST]}" onto public java.lang.Object snoob.gdd.controller.UserController.register(snoob.gdd.model.User) throws java.lang.Exception
2018-06-01 23:36:27.874  INFO 5556 --- [restartedMain] s.w.s.m.m.a.RequestMappingHandlerMapping : Mapped "{[/user/modifyPassword],methods=[PUT]}" onto public java.lang.Object snoob.gdd.controller.UserController.modifyPassword(snoob.gdd.model.User) throws java.lang.Exception
2018-06-01 23:36:27.874  INFO 5556 --- [restartedMain] s.w.s.m.m.a.RequestMappingHandlerMapping : Mapped "{[/user/login],methods=[POST]}" onto public java.lang.Object snoob.gdd.controller.UserController.login(snoob.gdd.model.User) throws java.lang.Exception
2018-06-01 23:36:27.874  INFO 5556 --- [restartedMain] s.w.s.m.m.a.RequestMappingHandlerMapping : Mapped "{[/error]}" onto public org.springframework.http.ResponseEntity<java.util.Map<java.lang.String, java.lang.Object>> org.springframework.boot.autoconfigure.web.servlet.error.BasicErrorController.error(javax.servlet.http.HttpServletRequest)
2018-06-01 23:36:27.890  INFO 5556 --- [restartedMain] s.w.s.m.m.a.RequestMappingHandlerMapping : Mapped "{[/error],produces=[text/html]}" onto public org.springframework.web.servlet.ModelAndView org.springframework.boot.autoconfigure.web.servlet.error.BasicErrorController.errorHtml(javax.servlet.http.HttpServletRequest,javax.servlet.http.HttpServletResponse)
2018-06-01 23:36:27.999  INFO 5556 --- [restartedMain] o.s.w.s.handler.SimpleUrlHandlerMapping  : Mapped URL path [/webjars/**] onto handler of type [class org.springframework.web.servlet.resource.ResourceHttpRequestHandler]
2018-06-01 23:36:27.999  INFO 5556 --- [restartedMain] o.s.w.s.handler.SimpleUrlHandlerMapping  : Mapped URL path [/**] onto handler of type [class org.springframework.web.servlet.resource.ResourceHttpRequestHandler]
2018-06-01 23:36:28.031  INFO 5556 --- [restartedMain] .m.m.a.ExceptionHandlerExceptionResolver : Detected @ExceptionHandler methods in exceptionHandle
2018-06-01 23:36:28.109  WARN 5556 --- [restartedMain] ion$DefaultTemplateResolverConfiguration : Cannot find template location: classpath:/templates/ (please add some templates or check your Thymeleaf configuration)
2018-06-01 23:36:28.491  WARN 5556 --- [restartedMain] o.s.b.d.a.OptionalLiveReloadServer       : Unable to start LiveReload server
2018-06-01 23:36:28.554  INFO 5556 --- [restartedMain] o.s.j.e.a.AnnotationMBeanExporter        : Registering beans for JMX exposure on startup
2018-06-01 23:36:28.554  INFO 5556 --- [restartedMain] o.s.j.e.a.AnnotationMBeanExporter        : Bean with name 'dataSource' has been autodetected for JMX exposure
2018-06-01 23:36:28.569  INFO 5556 --- [restartedMain] o.s.j.e.a.AnnotationMBeanExporter        : Located MBean 'dataSource': registering with JMX server as MBean [com.zaxxer.hikari:name=dataSource,type=HikariDataSource]
2018-06-01 23:36:28.585 ERROR 5556 --- [restartedMain] o.apache.catalina.core.StandardService   : Failed to start connector [Connector[HTTP/1.1-8080]]

org.apache.catalina.LifecycleException: Failed to start component [Connector[HTTP/1.1-8080]]
	at org.apache.catalina.util.LifecycleBase.start(LifecycleBase.java:167) ~[tomcat-embed-core-8.5.31.jar:8.5.31]
	at org.apache.catalina.core.StandardService.addConnector(StandardService.java:225) ~[tomcat-embed-core-8.5.31.jar:8.5.31]
	at org.springframework.boot.web.embedded.tomcat.TomcatWebServer.addPreviouslyRemovedConnectors(TomcatWebServer.java:256) [spring-boot-2.0.2.RELEASE.jar:2.0.2.RELEASE]
	at org.springframework.boot.web.embedded.tomcat.TomcatWebServer.start(TomcatWebServer.java:198) [spring-boot-2.0.2.RELEASE.jar:2.0.2.RELEASE]
	at org.springframework.boot.web.servlet.context.ServletWebServerApplicationContext.startWebServer(ServletWebServerApplicationContext.java:300) [spring-boot-2.0.2.RELEASE.jar:2.0.2.RELEASE]
	at org.springframework.boot.web.servlet.context.ServletWebServerApplicationContext.finishRefresh(ServletWebServerApplicationContext.java:162) [spring-boot-2.0.2.RELEASE.jar:2.0.2.RELEASE]
	at org.springframework.context.support.AbstractApplicationContext.refresh(AbstractApplicationContext.java:553) [spring-context-5.0.6.RELEASE.jar:5.0.6.RELEASE]
	at org.springframework.boot.web.servlet.context.ServletWebServerApplicationContext.refresh(ServletWebServerApplicationContext.java:140) [spring-boot-2.0.2.RELEASE.jar:2.0.2.RELEASE]
	at org.springframework.boot.SpringApplication.refresh(SpringApplication.java:759) [spring-boot-2.0.2.RELEASE.jar:2.0.2.RELEASE]
	at org.springframework.boot.SpringApplication.refreshContext(SpringApplication.java:395) [spring-boot-2.0.2.RELEASE.jar:2.0.2.RELEASE]
	at org.springframework.boot.SpringApplication.run(SpringApplication.java:327) [spring-boot-2.0.2.RELEASE.jar:2.0.2.RELEASE]
	at org.springframework.boot.SpringApplication.run(SpringApplication.java:1255) [spring-boot-2.0.2.RELEASE.jar:2.0.2.RELEASE]
	at org.springframework.boot.SpringApplication.run(SpringApplication.java:1243) [spring-boot-2.0.2.RELEASE.jar:2.0.2.RELEASE]
	at snoob.gdd.GddApplication.main(GddApplication.java:15) [classes/:na]
	at sun.reflect.NativeMethodAccessorImpl.invoke0(Native Method) ~[na:1.8.0_171]
	at sun.reflect.NativeMethodAccessorImpl.invoke(NativeMethodAccessorImpl.java:62) ~[na:1.8.0_171]
	at sun.reflect.DelegatingMethodAccessorImpl.invoke(DelegatingMethodAccessorImpl.java:43) ~[na:1.8.0_171]
	at java.lang.reflect.Method.invoke(Method.java:498) ~[na:1.8.0_171]
	at org.springframework.boot.devtools.restart.RestartLauncher.run(RestartLauncher.java:49) [spring-boot-devtools-2.0.2.RELEASE.jar:2.0.2.RELEASE]
Caused by: org.apache.catalina.LifecycleException: Protocol handler start failed
	at org.apache.catalina.connector.Connector.startInternal(Connector.java:1020) ~[tomcat-embed-core-8.5.31.jar:8.5.31]
	at org.apache.catalina.util.LifecycleBase.start(LifecycleBase.java:150) ~[tomcat-embed-core-8.5.31.jar:8.5.31]
	... 18 common frames omitted
Caused by: java.net.BindException: Address already in use: bind
	at sun.nio.ch.Net.bind0(Native Method) ~[na:1.8.0_171]
	at sun.nio.ch.Net.bind(Net.java:433) ~[na:1.8.0_171]
	at sun.nio.ch.Net.bind(Net.java:425) ~[na:1.8.0_171]
	at sun.nio.ch.ServerSocketChannelImpl.bind(ServerSocketChannelImpl.java:223) ~[na:1.8.0_171]
	at sun.nio.ch.ServerSocketAdaptor.bind(ServerSocketAdaptor.java:74) ~[na:1.8.0_171]
	at org.apache.tomcat.util.net.NioEndpoint.bind(NioEndpoint.java:210) ~[tomcat-embed-core-8.5.31.jar:8.5.31]
	at org.apache.tomcat.util.net.AbstractEndpoint.start(AbstractEndpoint.java:1150) ~[tomcat-embed-core-8.5.31.jar:8.5.31]
	at org.apache.coyote.AbstractProtocol.start(AbstractProtocol.java:591) ~[tomcat-embed-core-8.5.31.jar:8.5.31]
	at org.apache.catalina.connector.Connector.startInternal(Connector.java:1018) ~[tomcat-embed-core-8.5.31.jar:8.5.31]
	... 19 common frames omitted

2018-06-01 23:36:28.601  INFO 5556 --- [restartedMain] o.apache.catalina.core.StandardService   : Stopping service [Tomcat]
2018-06-01 23:36:28.632  INFO 5556 --- [restartedMain] ConditionEvaluationReportLoggingListener : 

Error starting ApplicationContext. To display the conditions report re-run your application with 'debug' enabled.
2018-06-01 23:36:28.648 ERROR 5556 --- [restartedMain] o.s.b.d.LoggingFailureAnalysisReporter   : 

***************************
APPLICATION FAILED TO START
***************************

Description:

The Tomcat connector configured to listen on port 8080 failed to start. The port may already be in use or the connector may be misconfigured.

Action:

Verify the connector's configuration, identify and stop any process that's listening on port 8080, or configure this application to listen on another port.

2018-06-01 23:36:28.648  INFO 5556 --- [restartedMain] ConfigServletWebServerApplicationContext : Closing org.springframework.boot.web.servlet.context.AnnotationConfigServletWebServerApplicationContext@6bd6c209: startup date [Fri Jun 01 23:36:24 CST 2018]; root of context hierarchy
2018-06-01 23:36:28.648  INFO 5556 --- [restartedMain] o.s.j.e.a.AnnotationMBeanExporter        : Unregistering JMX-exposed beans on shutdown
2018-06-01 23:36:28.648  INFO 5556 --- [restartedMain] o.s.j.e.a.AnnotationMBeanExporter        : Unregistering JMX-exposed beans
2018-06-01 23:39:01.141  INFO 680 --- [restartedMain] snoob.gdd.GddApplication                 : Starting GddApplication on LAPTOP-GBOHFTKU with PID 680 (D:\WorkSpace\GitHub\gddSpringBoot\target\classes started by PC in D:\WorkSpace\GitHub\gddSpringBoot)
2018-06-01 23:39:01.141 DEBUG 680 --- [restartedMain] snoob.gdd.GddApplication                 : Running with Spring Boot v2.0.2.RELEASE, Spring v5.0.6.RELEASE
2018-06-01 23:39:01.141  INFO 680 --- [restartedMain] snoob.gdd.GddApplication                 : The following profiles are active: dev
2018-06-01 23:39:01.188  INFO 680 --- [restartedMain] ConfigServletWebServerApplicationContext : Refreshing org.springframework.boot.web.servlet.context.AnnotationConfigServletWebServerApplicationContext@77e7e41b: startup date [Fri Jun 01 23:39:01 CST 2018]; root of context hierarchy
2018-06-01 23:39:01.876  WARN 680 --- [restartedMain] t.m.s.mapper.ClassPathMapperScanner      : No MyBatis mapper was found in '[snoob.gdd]' package. Please check your configuration.
2018-06-01 23:39:01.891  WARN 680 --- [restartedMain] o.m.s.mapper.ClassPathMapperScanner      : No MyBatis mapper was found in '[snoob.gdd]' package. Please check your configuration.
2018-06-01 23:39:02.610  INFO 680 --- [restartedMain] o.s.b.w.embedded.tomcat.TomcatWebServer  : Tomcat initialized with port(s): 8080 (http)
2018-06-01 23:39:02.626  INFO 680 --- [restartedMain] o.apache.catalina.core.StandardService   : Starting service [Tomcat]
2018-06-01 23:39:02.626  INFO 680 --- [restartedMain] org.apache.catalina.core.StandardEngine  : Starting Servlet Engine: Apache Tomcat/8.5.31
2018-06-01 23:39:02.626  INFO 680 --- [localhost-startStop-1] o.a.catalina.core.AprLifecycleListener   : The APR based Apache Tomcat Native library which allows optimal performance in production environments was not found on the java.library.path: [D:\Program Files\Java\jdk1.8.0_171\bin;C:\Windows\Sun\Java\bin;C:\Windows\system32;C:\Windows;C:\Program Files (x86)\Common Files\Oracle\Java\javapath;D:\Program Files\Python36\Scripts\;D:\Program Files\Python36\;C:\Program Files (x86)\Intel\iCLS Client\;C:\Program Files\Intel\iCLS Client\;C:\Windows\system32;C:\Windows;C:\Windows\System32\Wbem;C:\Windows\System32\WindowsPowerShell\v1.0\;C:\Program Files (x86)\Intel\Intel(R) Management Engine Components\DAL;C:\Program Files\Intel\Intel(R) Management Engine Components\DAL;C:\Program Files (x86)\Intel\Intel(R) Management Engine Components\IPT;C:\Program Files\Intel\Intel(R) Management Engine Components\IPT;C:\Program Files (x86)\NVIDIA Corporation\PhysX\Common;D:\Program Files\nodejs\;C:\Program Files\MySQL\MySQL Utilities 1.6\;d:\Program Files (x86)\Git\cmd;D:\Program Files\apache-maven-3.5.3\bin;D:\Program Files\Java\jdk1.8.0_171\bin;D:\Program Files\Java\jdk1.8.0_171\jre\bin;D:\Program Files\Java\jdk1.8.0_171\lib\dt.jar;C:\Users\PC\AppData\Local\Microsoft\WindowsApps;C:\Users\PC\AppData\Roaming\npm;.]
2018-06-01 23:39:02.719  INFO 680 --- [localhost-startStop-1] o.a.c.c.C.[Tomcat].[localhost].[/]       : Initializing Spring embedded WebApplicationContext
2018-06-01 23:39:02.719  INFO 680 --- [localhost-startStop-1] o.s.web.context.ContextLoader            : Root WebApplicationContext: initialization completed in 1531 ms
2018-06-01 23:39:02.876  INFO 680 --- [localhost-startStop-1] o.s.b.w.servlet.ServletRegistrationBean  : Servlet dispatcherServlet mapped to [/gdd/*]
2018-06-01 23:39:02.876  INFO 680 --- [localhost-startStop-1] o.s.b.w.servlet.FilterRegistrationBean   : Mapping filter: 'characterEncodingFilter' to: [/*]
2018-06-01 23:39:02.876  INFO 680 --- [localhost-startStop-1] o.s.b.w.servlet.FilterRegistrationBean   : Mapping filter: 'hiddenHttpMethodFilter' to: [/*]
2018-06-01 23:39:02.876  INFO 680 --- [localhost-startStop-1] o.s.b.w.servlet.FilterRegistrationBean   : Mapping filter: 'httpPutFormContentFilter' to: [/*]
2018-06-01 23:39:02.876  INFO 680 --- [localhost-startStop-1] o.s.b.w.servlet.FilterRegistrationBean   : Mapping filter: 'requestContextFilter' to: [/*]
2018-06-01 23:39:04.095  INFO 680 --- [restartedMain] o.s.w.s.handler.SimpleUrlHandlerMapping  : Mapped URL path [/**/favicon.ico] onto handler of type [class org.springframework.web.servlet.resource.ResourceHttpRequestHandler]
2018-06-01 23:39:04.360  INFO 680 --- [restartedMain] s.w.s.m.m.a.RequestMappingHandlerAdapter : Looking for @ControllerAdvice: org.springframework.boot.web.servlet.context.AnnotationConfigServletWebServerApplicationContext@77e7e41b: startup date [Fri Jun 01 23:39:01 CST 2018]; root of context hierarchy
2018-06-01 23:39:04.454  INFO 680 --- [restartedMain] s.w.s.m.m.a.RequestMappingHandlerMapping : Mapped "{[/demo/demo1],methods=[GET]}" onto public java.lang.Object snoob.gdd.controller.DemoController.demo()
2018-06-01 23:39:04.470  INFO 680 --- [restartedMain] s.w.s.m.m.a.RequestMappingHandlerMapping : Mapped "{[/email/checkEmailCode/{type}/{email}/{code}]}" onto public java.lang.Object snoob.gdd.controller.EmailCodeController.checkEmailCode(java.lang.String,java.lang.String,java.lang.String) throws java.lang.Exception
2018-06-01 23:39:04.470  INFO 680 --- [restartedMain] s.w.s.m.m.a.RequestMappingHandlerMapping : Mapped "{[/email/send/{type}/{receiver}],methods=[GET]}" onto public java.lang.Object snoob.gdd.controller.EmailCodeController.send(java.lang.String,java.lang.String) throws java.lang.Exception
2018-06-01 23:39:04.470  INFO 680 --- [restartedMain] s.w.s.m.m.a.RequestMappingHandlerMapping : Mapped "{[/user/register],methods=[POST]}" onto public java.lang.Object snoob.gdd.controller.UserController.register(snoob.gdd.model.User) throws java.lang.Exception
2018-06-01 23:39:04.470  INFO 680 --- [restartedMain] s.w.s.m.m.a.RequestMappingHandlerMapping : Mapped "{[/user/modifyPassword],methods=[PUT]}" onto public java.lang.Object snoob.gdd.controller.UserController.modifyPassword(snoob.gdd.model.User) throws java.lang.Exception
2018-06-01 23:39:04.470  INFO 680 --- [restartedMain] s.w.s.m.m.a.RequestMappingHandlerMapping : Mapped "{[/user/login],methods=[POST]}" onto public java.lang.Object snoob.gdd.controller.UserController.login(snoob.gdd.model.User) throws java.lang.Exception
2018-06-01 23:39:04.470  INFO 680 --- [restartedMain] s.w.s.m.m.a.RequestMappingHandlerMapping : Mapped "{[/error]}" onto public org.springframework.http.ResponseEntity<java.util.Map<java.lang.String, java.lang.Object>> org.springframework.boot.autoconfigure.web.servlet.error.BasicErrorController.error(javax.servlet.http.HttpServletRequest)
2018-06-01 23:39:04.470  INFO 680 --- [restartedMain] s.w.s.m.m.a.RequestMappingHandlerMapping : Mapped "{[/error],produces=[text/html]}" onto public org.springframework.web.servlet.ModelAndView org.springframework.boot.autoconfigure.web.servlet.error.BasicErrorController.errorHtml(javax.servlet.http.HttpServletRequest,javax.servlet.http.HttpServletResponse)
2018-06-01 23:39:04.501  INFO 680 --- [restartedMain] o.s.w.s.handler.SimpleUrlHandlerMapping  : Mapped URL path [/webjars/**] onto handler of type [class org.springframework.web.servlet.resource.ResourceHttpRequestHandler]
2018-06-01 23:39:04.501  INFO 680 --- [restartedMain] o.s.w.s.handler.SimpleUrlHandlerMapping  : Mapped URL path [/**] onto handler of type [class org.springframework.web.servlet.resource.ResourceHttpRequestHandler]
2018-06-01 23:39:04.532  INFO 680 --- [restartedMain] .m.m.a.ExceptionHandlerExceptionResolver : Detected @ExceptionHandler methods in exceptionHandle
2018-06-01 23:39:04.595  WARN 680 --- [restartedMain] ion$DefaultTemplateResolverConfiguration : Cannot find template location: classpath:/templates/ (please add some templates or check your Thymeleaf configuration)
2018-06-01 23:39:05.063  INFO 680 --- [restartedMain] o.s.b.d.a.OptionalLiveReloadServer       : LiveReload server is running on port 35729
2018-06-01 23:39:05.095  INFO 680 --- [restartedMain] o.s.j.e.a.AnnotationMBeanExporter        : Registering beans for JMX exposure on startup
2018-06-01 23:39:05.095  INFO 680 --- [restartedMain] o.s.j.e.a.AnnotationMBeanExporter        : Bean with name 'dataSource' has been autodetected for JMX exposure
2018-06-01 23:39:05.095  INFO 680 --- [restartedMain] o.s.j.e.a.AnnotationMBeanExporter        : Located MBean 'dataSource': registering with JMX server as MBean [com.zaxxer.hikari:name=dataSource,type=HikariDataSource]
2018-06-01 23:39:05.142  INFO 680 --- [restartedMain] o.s.b.w.embedded.tomcat.TomcatWebServer  : Tomcat started on port(s): 8080 (http) with context path ''
2018-06-01 23:39:05.157  INFO 680 --- [restartedMain] snoob.gdd.GddApplication                 : Started GddApplication in 4.453 seconds (JVM running for 6.472)
2018-06-01 23:39:54.045  INFO 680 --- [http-nio-8080-exec-1] o.a.c.c.C.[Tomcat].[localhost].[/]       : Initializing Spring FrameworkServlet 'dispatcherServlet'
2018-06-01 23:39:54.045  INFO 680 --- [http-nio-8080-exec-1] o.s.web.servlet.DispatcherServlet        : FrameworkServlet 'dispatcherServlet': initialization started
2018-06-01 23:39:54.112  INFO 680 --- [http-nio-8080-exec-1] o.s.web.servlet.DispatcherServlet        : FrameworkServlet 'dispatcherServlet': initialization completed in 67 ms
2018-06-01 23:39:54.202  INFO 680 --- [http-nio-8080-exec-1] snoob.gdd.controller.DemoController      : 1
2018-06-01 23:39:54.202  INFO 680 --- [http-nio-8080-exec-1] snoob.gdd.controller.DemoController      : Page{currentPage=1, currentPageSize=10, start=1, end=10}
2018-06-01 23:40:00.384  INFO 680 --- [http-nio-8080-exec-3] snoob.gdd.controller.DemoController      : 1
2018-06-01 23:40:00.385  INFO 680 --- [http-nio-8080-exec-3] snoob.gdd.controller.DemoController      : Page{currentPage=1, currentPageSize=10, start=1, end=10}
2018-06-01 23:40:00.894  INFO 680 --- [http-nio-8080-exec-4] snoob.gdd.controller.DemoController      : 1
2018-06-01 23:40:00.894  INFO 680 --- [http-nio-8080-exec-4] snoob.gdd.controller.DemoController      : Page{currentPage=1, currentPageSize=10, start=1, end=10}
2018-06-01 23:40:01.059  INFO 680 --- [http-nio-8080-exec-5] snoob.gdd.controller.DemoController      : 1
2018-06-01 23:40:01.059  INFO 680 --- [http-nio-8080-exec-5] snoob.gdd.controller.DemoController      : Page{currentPage=1, currentPageSize=10, start=1, end=10}
2018-06-01 23:40:23.867  INFO 680 --- [http-nio-8080-exec-7] com.zaxxer.hikari.HikariDataSource       : HikariPool-1 - Starting...
2018-06-01 23:40:24.086  INFO 680 --- [http-nio-8080-exec-7] com.zaxxer.hikari.HikariDataSource       : HikariPool-1 - Start completed.
2018-06-01 23:40:24.101 DEBUG 680 --- [http-nio-8080-exec-7] s.g.m.EmailCodeMapper.insertSelective    : ==>  Preparing: INSERT INTO email_code ( id,type,sender,receiver,subject,content,code ) VALUES( ?,?,?,?,?,?,? ) 
2018-06-01 23:40:24.148 DEBUG 680 --- [http-nio-8080-exec-7] s.g.m.EmailCodeMapper.insertSelective    : ==> Parameters: 0402f1ca-0866-47c4-8c3f-60fcebe35955(String), 1(String), lixing_java@sina.com(String), lixing_java@163.com(String), 忘记密码模块发送验证码功能(String), <h1>验证码:</h1><p style='color:#F00'>红色字</p><p style='text-align:right'>右对齐</p>(String), GpaF(String)
2018-06-01 23:40:24.148 DEBUG 680 --- [http-nio-8080-exec-7] s.g.m.EmailCodeMapper.insertSelective    : <==    Updates: 1
2018-06-01 23:43:45.012  INFO 11704 --- [restartedMain] snoob.gdd.GddApplication                 : Starting GddApplication on LAPTOP-GBOHFTKU with PID 11704 (D:\WorkSpace\GitHub\gddSpringBoot\target\classes started by PC in D:\WorkSpace\GitHub\gddSpringBoot)
2018-06-01 23:43:45.013 DEBUG 11704 --- [restartedMain] snoob.gdd.GddApplication                 : Running with Spring Boot v2.0.2.RELEASE, Spring v5.0.6.RELEASE
2018-06-01 23:43:45.014  INFO 11704 --- [restartedMain] snoob.gdd.GddApplication                 : The following profiles are active: dev
2018-06-01 23:43:45.056  INFO 11704 --- [restartedMain] ConfigServletWebServerApplicationContext : Refreshing org.springframework.boot.web.servlet.context.AnnotationConfigServletWebServerApplicationContext@e034069: startup date [Fri Jun 01 23:43:45 CST 2018]; root of context hierarchy
2018-06-01 23:43:45.805  WARN 11704 --- [restartedMain] t.m.s.mapper.ClassPathMapperScanner      : No MyBatis mapper was found in '[snoob.gdd]' package. Please check your configuration.
2018-06-01 23:43:45.815  WARN 11704 --- [restartedMain] o.m.s.mapper.ClassPathMapperScanner      : No MyBatis mapper was found in '[snoob.gdd]' package. Please check your configuration.
2018-06-01 23:43:46.652  INFO 11704 --- [restartedMain] o.s.b.w.embedded.tomcat.TomcatWebServer  : Tomcat initialized with port(s): 8080 (http)
2018-06-01 23:43:46.678  INFO 11704 --- [restartedMain] o.apache.catalina.core.StandardService   : Starting service [Tomcat]
2018-06-01 23:43:46.679  INFO 11704 --- [restartedMain] org.apache.catalina.core.StandardEngine  : Starting Servlet Engine: Apache Tomcat/8.5.31
2018-06-01 23:43:46.684  INFO 11704 --- [localhost-startStop-1] o.a.catalina.core.AprLifecycleListener   : The APR based Apache Tomcat Native library which allows optimal performance in production environments was not found on the java.library.path: [D:\Program Files\Java\jdk1.8.0_171\bin;C:\Windows\Sun\Java\bin;C:\Windows\system32;C:\Windows;C:\Program Files (x86)\Common Files\Oracle\Java\javapath;D:\Program Files\Python36\Scripts\;D:\Program Files\Python36\;C:\Program Files (x86)\Intel\iCLS Client\;C:\Program Files\Intel\iCLS Client\;C:\Windows\system32;C:\Windows;C:\Windows\System32\Wbem;C:\Windows\System32\WindowsPowerShell\v1.0\;C:\Program Files (x86)\Intel\Intel(R) Management Engine Components\DAL;C:\Program Files\Intel\Intel(R) Management Engine Components\DAL;C:\Program Files (x86)\Intel\Intel(R) Management Engine Components\IPT;C:\Program Files\Intel\Intel(R) Management Engine Components\IPT;C:\Program Files (x86)\NVIDIA Corporation\PhysX\Common;D:\Program Files\nodejs\;C:\Program Files\MySQL\MySQL Utilities 1.6\;d:\Program Files (x86)\Git\cmd;D:\Program Files\apache-maven-3.5.3\bin;D:\Program Files\Java\jdk1.8.0_171\bin;D:\Program Files\Java\jdk1.8.0_171\jre\bin;D:\Program Files\Java\jdk1.8.0_171\lib\dt.jar;C:\Users\PC\AppData\Local\Microsoft\WindowsApps;C:\Users\PC\AppData\Roaming\npm;.]
2018-06-01 23:43:46.788  INFO 11704 --- [localhost-startStop-1] o.a.c.c.C.[Tomcat].[localhost].[/]       : Initializing Spring embedded WebApplicationContext
2018-06-01 23:43:46.788  INFO 11704 --- [localhost-startStop-1] o.s.web.context.ContextLoader            : Root WebApplicationContext: initialization completed in 1732 ms
2018-06-01 23:43:46.961  INFO 11704 --- [localhost-startStop-1] o.s.b.w.servlet.ServletRegistrationBean  : Servlet dispatcherServlet mapped to [/gdd/*]
2018-06-01 23:43:46.966  INFO 11704 --- [localhost-startStop-1] o.s.b.w.servlet.FilterRegistrationBean   : Mapping filter: 'characterEncodingFilter' to: [/*]
2018-06-01 23:43:46.967  INFO 11704 --- [localhost-startStop-1] o.s.b.w.servlet.FilterRegistrationBean   : Mapping filter: 'hiddenHttpMethodFilter' to: [/*]
2018-06-01 23:43:46.967  INFO 11704 --- [localhost-startStop-1] o.s.b.w.servlet.FilterRegistrationBean   : Mapping filter: 'httpPutFormContentFilter' to: [/*]
2018-06-01 23:43:46.967  INFO 11704 --- [localhost-startStop-1] o.s.b.w.servlet.FilterRegistrationBean   : Mapping filter: 'requestContextFilter' to: [/*]
2018-06-01 23:43:48.223  INFO 11704 --- [restartedMain] o.s.w.s.handler.SimpleUrlHandlerMapping  : Mapped URL path [/**/favicon.ico] onto handler of type [class org.springframework.web.servlet.resource.ResourceHttpRequestHandler]
2018-06-01 23:43:48.485  INFO 11704 --- [restartedMain] s.w.s.m.m.a.RequestMappingHandlerAdapter : Looking for @ControllerAdvice: org.springframework.boot.web.servlet.context.AnnotationConfigServletWebServerApplicationContext@e034069: startup date [Fri Jun 01 23:43:45 CST 2018]; root of context hierarchy
2018-06-01 23:43:48.590  INFO 11704 --- [restartedMain] s.w.s.m.m.a.RequestMappingHandlerMapping : Mapped "{[/demo/demo1],methods=[GET]}" onto public java.lang.Object snoob.gdd.controller.DemoController.demo()
2018-06-01 23:43:48.598  INFO 11704 --- [restartedMain] s.w.s.m.m.a.RequestMappingHandlerMapping : Mapped "{[/email/checkEmailCode/{type}/{email}/{code}]}" onto public java.lang.Object snoob.gdd.controller.EmailCodeController.checkEmailCode(java.lang.String,java.lang.String,java.lang.String) throws java.lang.Exception
2018-06-01 23:43:48.599  INFO 11704 --- [restartedMain] s.w.s.m.m.a.RequestMappingHandlerMapping : Mapped "{[/email/send/{type}/{receiver}],methods=[GET]}" onto public java.lang.Object snoob.gdd.controller.EmailCodeController.send(java.lang.String,java.lang.String) throws java.lang.Exception
2018-06-01 23:43:48.605  INFO 11704 --- [restartedMain] s.w.s.m.m.a.RequestMappingHandlerMapping : Mapped "{[/user/register],methods=[POST]}" onto public java.lang.Object snoob.gdd.controller.UserController.register(snoob.gdd.model.User) throws java.lang.Exception
2018-06-01 23:43:48.607  INFO 11704 --- [restartedMain] s.w.s.m.m.a.RequestMappingHandlerMapping : Mapped "{[/user/login],methods=[POST]}" onto public java.lang.Object snoob.gdd.controller.UserController.login(snoob.gdd.model.User) throws java.lang.Exception
2018-06-01 23:43:48.608  INFO 11704 --- [restartedMain] s.w.s.m.m.a.RequestMappingHandlerMapping : Mapped "{[/user/modifyPassword],methods=[PUT]}" onto public java.lang.Object snoob.gdd.controller.UserController.modifyPassword(snoob.gdd.model.User) throws java.lang.Exception
2018-06-01 23:43:48.610  INFO 11704 --- [restartedMain] s.w.s.m.m.a.RequestMappingHandlerMapping : Mapped "{[/error]}" onto public org.springframework.http.ResponseEntity<java.util.Map<java.lang.String, java.lang.Object>> org.springframework.boot.autoconfigure.web.servlet.error.BasicErrorController.error(javax.servlet.http.HttpServletRequest)
2018-06-01 23:43:48.611  INFO 11704 --- [restartedMain] s.w.s.m.m.a.RequestMappingHandlerMapping : Mapped "{[/error],produces=[text/html]}" onto public org.springframework.web.servlet.ModelAndView org.springframework.boot.autoconfigure.web.servlet.error.BasicErrorController.errorHtml(javax.servlet.http.HttpServletRequest,javax.servlet.http.HttpServletResponse)
2018-06-01 23:43:48.639  INFO 11704 --- [restartedMain] o.s.w.s.handler.SimpleUrlHandlerMapping  : Mapped URL path [/webjars/**] onto handler of type [class org.springframework.web.servlet.resource.ResourceHttpRequestHandler]
2018-06-01 23:43:48.639  INFO 11704 --- [restartedMain] o.s.w.s.handler.SimpleUrlHandlerMapping  : Mapped URL path [/**] onto handler of type [class org.springframework.web.servlet.resource.ResourceHttpRequestHandler]
2018-06-01 23:43:48.671  INFO 11704 --- [restartedMain] .m.m.a.ExceptionHandlerExceptionResolver : Detected @ExceptionHandler methods in exceptionHandle
2018-06-01 23:43:48.753  WARN 11704 --- [restartedMain] ion$DefaultTemplateResolverConfiguration : Cannot find template location: classpath:/templates/ (please add some templates or check your Thymeleaf configuration)
2018-06-01 23:43:49.269  INFO 11704 --- [restartedMain] o.s.b.d.a.OptionalLiveReloadServer       : LiveReload server is running on port 35729
2018-06-01 23:43:49.301  INFO 11704 --- [restartedMain] o.s.j.e.a.AnnotationMBeanExporter        : Registering beans for JMX exposure on startup
2018-06-01 23:43:49.303  INFO 11704 --- [restartedMain] o.s.j.e.a.AnnotationMBeanExporter        : Bean with name 'dataSource' has been autodetected for JMX exposure
2018-06-01 23:43:49.306  INFO 11704 --- [restartedMain] o.s.j.e.a.AnnotationMBeanExporter        : Located MBean 'dataSource': registering with JMX server as MBean [com.zaxxer.hikari:name=dataSource,type=HikariDataSource]
2018-06-01 23:43:49.367  INFO 11704 --- [restartedMain] o.s.b.w.embedded.tomcat.TomcatWebServer  : Tomcat started on port(s): 8080 (http) with context path ''
2018-06-01 23:43:49.375  INFO 11704 --- [restartedMain] snoob.gdd.GddApplication                 : Started GddApplication in 4.976 seconds (JVM running for 6.344)
2018-06-01 23:44:06.048  INFO 11704 --- [http-nio-8080-exec-1] o.a.c.c.C.[Tomcat].[localhost].[/]       : Initializing Spring FrameworkServlet 'dispatcherServlet'
2018-06-01 23:44:06.048  INFO 11704 --- [http-nio-8080-exec-1] o.s.web.servlet.DispatcherServlet        : FrameworkServlet 'dispatcherServlet': initialization started
2018-06-01 23:44:06.080  INFO 11704 --- [http-nio-8080-exec-1] o.s.web.servlet.DispatcherServlet        : FrameworkServlet 'dispatcherServlet': initialization completed in 32 ms
2018-06-01 23:44:22.299  INFO 11704 --- [http-nio-8080-exec-1] com.zaxxer.hikari.HikariDataSource       : HikariPool-1 - Starting...
2018-06-01 23:44:22.502  INFO 11704 --- [http-nio-8080-exec-1] com.zaxxer.hikari.HikariDataSource       : HikariPool-1 - Start completed.
2018-06-01 23:44:22.518 DEBUG 11704 --- [http-nio-8080-exec-1] s.g.m.EmailCodeMapper.insertSelective    : ==>  Preparing: INSERT INTO email_code ( id,type,sender,receiver,subject,content,code ) VALUES( ?,?,?,?,?,?,? ) 
2018-06-01 23:44:22.556 DEBUG 11704 --- [http-nio-8080-exec-1] s.g.m.EmailCodeMapper.insertSelective    : ==> Parameters: 77bc2095-7df0-4740-ad2f-345470ff300d(String), 1(String), lixing_java@sina.com(String), lixing_java@163.com(String), 忘记密码模块发送验证码功能(String), <h1>验证码:</h1><a href=http//:www.baidu.com style=color:#F00>DDDz</a>(String), DDDz(String)
2018-06-01 23:44:22.564 DEBUG 11704 --- [http-nio-8080-exec-1] s.g.m.EmailCodeMapper.insertSelective    : <==    Updates: 1
2018-06-01 23:45:34.932  INFO 5908 --- [restartedMain] snoob.gdd.GddApplication                 : Starting GddApplication on LAPTOP-GBOHFTKU with PID 5908 (D:\WorkSpace\GitHub\gddSpringBoot\target\classes started by PC in D:\WorkSpace\GitHub\gddSpringBoot)
2018-06-01 23:45:34.932 DEBUG 5908 --- [restartedMain] snoob.gdd.GddApplication                 : Running with Spring Boot v2.0.2.RELEASE, Spring v5.0.6.RELEASE
2018-06-01 23:45:34.932  INFO 5908 --- [restartedMain] snoob.gdd.GddApplication                 : The following profiles are active: dev
2018-06-01 23:45:34.979  INFO 5908 --- [restartedMain] ConfigServletWebServerApplicationContext : Refreshing org.springframework.boot.web.servlet.context.AnnotationConfigServletWebServerApplicationContext@2c4df63: startup date [Fri Jun 01 23:45:34 CST 2018]; root of context hierarchy
2018-06-01 23:45:35.624  WARN 5908 --- [restartedMain] t.m.s.mapper.ClassPathMapperScanner      : No MyBatis mapper was found in '[snoob.gdd]' package. Please check your configuration.
2018-06-01 23:45:35.632  WARN 5908 --- [restartedMain] o.m.s.mapper.ClassPathMapperScanner      : No MyBatis mapper was found in '[snoob.gdd]' package. Please check your configuration.
2018-06-01 23:45:36.338  INFO 5908 --- [restartedMain] o.s.b.w.embedded.tomcat.TomcatWebServer  : Tomcat initialized with port(s): 8080 (http)
2018-06-01 23:45:36.352  INFO 5908 --- [restartedMain] o.apache.catalina.core.StandardService   : Starting service [Tomcat]
2018-06-01 23:45:36.352  INFO 5908 --- [restartedMain] org.apache.catalina.core.StandardEngine  : Starting Servlet Engine: Apache Tomcat/8.5.31
2018-06-01 23:45:36.352  INFO 5908 --- [localhost-startStop-1] o.a.catalina.core.AprLifecycleListener   : The APR based Apache Tomcat Native library which allows optimal performance in production environments was not found on the java.library.path: [D:\Program Files\Java\jdk1.8.0_171\bin;C:\Windows\Sun\Java\bin;C:\Windows\system32;C:\Windows;C:\Program Files (x86)\Common Files\Oracle\Java\javapath;D:\Program Files\Python36\Scripts\;D:\Program Files\Python36\;C:\Program Files (x86)\Intel\iCLS Client\;C:\Program Files\Intel\iCLS Client\;C:\Windows\system32;C:\Windows;C:\Windows\System32\Wbem;C:\Windows\System32\WindowsPowerShell\v1.0\;C:\Program Files (x86)\Intel\Intel(R) Management Engine Components\DAL;C:\Program Files\Intel\Intel(R) Management Engine Components\DAL;C:\Program Files (x86)\Intel\Intel(R) Management Engine Components\IPT;C:\Program Files\Intel\Intel(R) Management Engine Components\IPT;C:\Program Files (x86)\NVIDIA Corporation\PhysX\Common;D:\Program Files\nodejs\;C:\Program Files\MySQL\MySQL Utilities 1.6\;d:\Program Files (x86)\Git\cmd;D:\Program Files\apache-maven-3.5.3\bin;D:\Program Files\Java\jdk1.8.0_171\bin;D:\Program Files\Java\jdk1.8.0_171\jre\bin;D:\Program Files\Java\jdk1.8.0_171\lib\dt.jar;C:\Users\PC\AppData\Local\Microsoft\WindowsApps;C:\Users\PC\AppData\Roaming\npm;.]
2018-06-01 23:45:36.457  INFO 5908 --- [localhost-startStop-1] o.a.c.c.C.[Tomcat].[localhost].[/]       : Initializing Spring embedded WebApplicationContext
2018-06-01 23:45:36.457  INFO 5908 --- [localhost-startStop-1] o.s.web.context.ContextLoader            : Root WebApplicationContext: initialization completed in 1478 ms
2018-06-01 23:45:36.624  INFO 5908 --- [localhost-startStop-1] o.s.b.w.servlet.ServletRegistrationBean  : Servlet dispatcherServlet mapped to [/gdd/*]
2018-06-01 23:45:36.629  INFO 5908 --- [localhost-startStop-1] o.s.b.w.servlet.FilterRegistrationBean   : Mapping filter: 'characterEncodingFilter' to: [/*]
2018-06-01 23:45:36.629  INFO 5908 --- [localhost-startStop-1] o.s.b.w.servlet.FilterRegistrationBean   : Mapping filter: 'hiddenHttpMethodFilter' to: [/*]
2018-06-01 23:45:36.629  INFO 5908 --- [localhost-startStop-1] o.s.b.w.servlet.FilterRegistrationBean   : Mapping filter: 'httpPutFormContentFilter' to: [/*]
2018-06-01 23:45:36.629  INFO 5908 --- [localhost-startStop-1] o.s.b.w.servlet.FilterRegistrationBean   : Mapping filter: 'requestContextFilter' to: [/*]
2018-06-01 23:45:37.724  INFO 5908 --- [restartedMain] o.s.w.s.handler.SimpleUrlHandlerMapping  : Mapped URL path [/**/favicon.ico] onto handler of type [class org.springframework.web.servlet.resource.ResourceHttpRequestHandler]
2018-06-01 23:45:37.944  INFO 5908 --- [restartedMain] s.w.s.m.m.a.RequestMappingHandlerAdapter : Looking for @ControllerAdvice: org.springframework.boot.web.servlet.context.AnnotationConfigServletWebServerApplicationContext@2c4df63: startup date [Fri Jun 01 23:45:34 CST 2018]; root of context hierarchy
2018-06-01 23:45:38.022  INFO 5908 --- [restartedMain] s.w.s.m.m.a.RequestMappingHandlerMapping : Mapped "{[/demo/demo1],methods=[GET]}" onto public java.lang.Object snoob.gdd.controller.DemoController.demo()
2018-06-01 23:45:38.038  INFO 5908 --- [restartedMain] s.w.s.m.m.a.RequestMappingHandlerMapping : Mapped "{[/email/checkEmailCode/{type}/{email}/{code}]}" onto public java.lang.Object snoob.gdd.controller.EmailCodeController.checkEmailCode(java.lang.String,java.lang.String,java.lang.String) throws java.lang.Exception
2018-06-01 23:45:38.038  INFO 5908 --- [restartedMain] s.w.s.m.m.a.RequestMappingHandlerMapping : Mapped "{[/email/send/{type}/{receiver}],methods=[GET]}" onto public java.lang.Object snoob.gdd.controller.EmailCodeController.send(java.lang.String,java.lang.String) throws java.lang.Exception
2018-06-01 23:45:38.038  INFO 5908 --- [restartedMain] s.w.s.m.m.a.RequestMappingHandlerMapping : Mapped "{[/user/register],methods=[POST]}" onto public java.lang.Object snoob.gdd.controller.UserController.register(snoob.gdd.model.User) throws java.lang.Exception
2018-06-01 23:45:38.038  INFO 5908 --- [restartedMain] s.w.s.m.m.a.RequestMappingHandlerMapping : Mapped "{[/user/login],methods=[POST]}" onto public java.lang.Object snoob.gdd.controller.UserController.login(snoob.gdd.model.User) throws java.lang.Exception
2018-06-01 23:45:38.038  INFO 5908 --- [restartedMain] s.w.s.m.m.a.RequestMappingHandlerMapping : Mapped "{[/user/modifyPassword],methods=[PUT]}" onto public java.lang.Object snoob.gdd.controller.UserController.modifyPassword(snoob.gdd.model.User) throws java.lang.Exception
2018-06-01 23:45:38.038  INFO 5908 --- [restartedMain] s.w.s.m.m.a.RequestMappingHandlerMapping : Mapped "{[/error]}" onto public org.springframework.http.ResponseEntity<java.util.Map<java.lang.String, java.lang.Object>> org.springframework.boot.autoconfigure.web.servlet.error.BasicErrorController.error(javax.servlet.http.HttpServletRequest)
2018-06-01 23:45:38.038  INFO 5908 --- [restartedMain] s.w.s.m.m.a.RequestMappingHandlerMapping : Mapped "{[/error],produces=[text/html]}" onto public org.springframework.web.servlet.ModelAndView org.springframework.boot.autoconfigure.web.servlet.error.BasicErrorController.errorHtml(javax.servlet.http.HttpServletRequest,javax.servlet.http.HttpServletResponse)
2018-06-01 23:45:38.069  INFO 5908 --- [restartedMain] o.s.w.s.handler.SimpleUrlHandlerMapping  : Mapped URL path [/webjars/**] onto handler of type [class org.springframework.web.servlet.resource.ResourceHttpRequestHandler]
2018-06-01 23:45:38.069  INFO 5908 --- [restartedMain] o.s.w.s.handler.SimpleUrlHandlerMapping  : Mapped URL path [/**] onto handler of type [class org.springframework.web.servlet.resource.ResourceHttpRequestHandler]
2018-06-01 23:45:38.100  INFO 5908 --- [restartedMain] .m.m.a.ExceptionHandlerExceptionResolver : Detected @ExceptionHandler methods in exceptionHandle
2018-06-01 23:45:38.147  WARN 5908 --- [restartedMain] ion$DefaultTemplateResolverConfiguration : Cannot find template location: classpath:/templates/ (please add some templates or check your Thymeleaf configuration)
2018-06-01 23:45:38.584  INFO 5908 --- [restartedMain] o.s.b.d.a.OptionalLiveReloadServer       : LiveReload server is running on port 35729
2018-06-01 23:45:38.615  INFO 5908 --- [restartedMain] o.s.j.e.a.AnnotationMBeanExporter        : Registering beans for JMX exposure on startup
2018-06-01 23:45:38.615  INFO 5908 --- [restartedMain] o.s.j.e.a.AnnotationMBeanExporter        : Bean with name 'dataSource' has been autodetected for JMX exposure
2018-06-01 23:45:38.638  INFO 5908 --- [restartedMain] o.s.j.e.a.AnnotationMBeanExporter        : Located MBean 'dataSource': registering with JMX server as MBean [com.zaxxer.hikari:name=dataSource,type=HikariDataSource]
2018-06-01 23:45:38.691  INFO 5908 --- [restartedMain] o.s.b.w.embedded.tomcat.TomcatWebServer  : Tomcat started on port(s): 8080 (http) with context path ''
2018-06-01 23:45:38.691  INFO 5908 --- [restartedMain] snoob.gdd.GddApplication                 : Started GddApplication in 4.215 seconds (JVM running for 5.403)
2018-06-01 23:46:24.288  INFO 13092 --- [restartedMain] snoob.gdd.GddApplication                 : Starting GddApplication on LAPTOP-GBOHFTKU with PID 13092 (D:\WorkSpace\GitHub\gddSpringBoot\target\classes started by PC in D:\WorkSpace\GitHub\gddSpringBoot)
2018-06-01 23:46:24.288 DEBUG 13092 --- [restartedMain] snoob.gdd.GddApplication                 : Running with Spring Boot v2.0.2.RELEASE, Spring v5.0.6.RELEASE
2018-06-01 23:46:24.288  INFO 13092 --- [restartedMain] snoob.gdd.GddApplication                 : The following profiles are active: dev
2018-06-01 23:46:24.319  INFO 13092 --- [restartedMain] ConfigServletWebServerApplicationContext : Refreshing org.springframework.boot.web.servlet.context.AnnotationConfigServletWebServerApplicationContext@8260dc: startup date [Fri Jun 01 23:46:24 CST 2018]; root of context hierarchy
2018-06-01 23:46:25.038  WARN 13092 --- [restartedMain] t.m.s.mapper.ClassPathMapperScanner      : No MyBatis mapper was found in '[snoob.gdd]' package. Please check your configuration.
2018-06-01 23:46:25.053  WARN 13092 --- [restartedMain] o.m.s.mapper.ClassPathMapperScanner      : No MyBatis mapper was found in '[snoob.gdd]' package. Please check your configuration.
2018-06-01 23:46:25.788  INFO 13092 --- [restartedMain] o.s.b.w.embedded.tomcat.TomcatWebServer  : Tomcat initialized with port(s): 8080 (http)
2018-06-01 23:46:25.804  INFO 13092 --- [restartedMain] o.apache.catalina.core.StandardService   : Starting service [Tomcat]
2018-06-01 23:46:25.804  INFO 13092 --- [restartedMain] org.apache.catalina.core.StandardEngine  : Starting Servlet Engine: Apache Tomcat/8.5.31
2018-06-01 23:46:25.804  INFO 13092 --- [localhost-startStop-1] o.a.catalina.core.AprLifecycleListener   : The APR based Apache Tomcat Native library which allows optimal performance in production environments was not found on the java.library.path: [D:\Program Files\Java\jdk1.8.0_171\bin;C:\Windows\Sun\Java\bin;C:\Windows\system32;C:\Windows;C:\Program Files (x86)\Common Files\Oracle\Java\javapath;D:\Program Files\Python36\Scripts\;D:\Program Files\Python36\;C:\Program Files (x86)\Intel\iCLS Client\;C:\Program Files\Intel\iCLS Client\;C:\Windows\system32;C:\Windows;C:\Windows\System32\Wbem;C:\Windows\System32\WindowsPowerShell\v1.0\;C:\Program Files (x86)\Intel\Intel(R) Management Engine Components\DAL;C:\Program Files\Intel\Intel(R) Management Engine Components\DAL;C:\Program Files (x86)\Intel\Intel(R) Management Engine Components\IPT;C:\Program Files\Intel\Intel(R) Management Engine Components\IPT;C:\Program Files (x86)\NVIDIA Corporation\PhysX\Common;D:\Program Files\nodejs\;C:\Program Files\MySQL\MySQL Utilities 1.6\;d:\Program Files (x86)\Git\cmd;D:\Program Files\apache-maven-3.5.3\bin;D:\Program Files\Java\jdk1.8.0_171\bin;D:\Program Files\Java\jdk1.8.0_171\jre\bin;D:\Program Files\Java\jdk1.8.0_171\lib\dt.jar;C:\Users\PC\AppData\Local\Microsoft\WindowsApps;C:\Users\PC\AppData\Roaming\npm;.]
2018-06-01 23:46:25.897  INFO 13092 --- [localhost-startStop-1] o.a.c.c.C.[Tomcat].[localhost].[/]       : Initializing Spring embedded WebApplicationContext
2018-06-01 23:46:25.897  INFO 13092 --- [localhost-startStop-1] o.s.web.context.ContextLoader            : Root WebApplicationContext: initialization completed in 1578 ms
2018-06-01 23:46:26.062  INFO 13092 --- [localhost-startStop-1] o.s.b.w.servlet.ServletRegistrationBean  : Servlet dispatcherServlet mapped to [/gdd/*]
2018-06-01 23:46:26.078  INFO 13092 --- [localhost-startStop-1] o.s.b.w.servlet.FilterRegistrationBean   : Mapping filter: 'characterEncodingFilter' to: [/*]
2018-06-01 23:46:26.078  INFO 13092 --- [localhost-startStop-1] o.s.b.w.servlet.FilterRegistrationBean   : Mapping filter: 'hiddenHttpMethodFilter' to: [/*]
2018-06-01 23:46:26.078  INFO 13092 --- [localhost-startStop-1] o.s.b.w.servlet.FilterRegistrationBean   : Mapping filter: 'httpPutFormContentFilter' to: [/*]
2018-06-01 23:46:26.078  INFO 13092 --- [localhost-startStop-1] o.s.b.w.servlet.FilterRegistrationBean   : Mapping filter: 'requestContextFilter' to: [/*]
2018-06-01 23:46:27.094  INFO 13092 --- [restartedMain] o.s.w.s.handler.SimpleUrlHandlerMapping  : Mapped URL path [/**/favicon.ico] onto handler of type [class org.springframework.web.servlet.resource.ResourceHttpRequestHandler]
2018-06-01 23:46:27.323  INFO 13092 --- [restartedMain] s.w.s.m.m.a.RequestMappingHandlerAdapter : Looking for @ControllerAdvice: org.springframework.boot.web.servlet.context.AnnotationConfigServletWebServerApplicationContext@8260dc: startup date [Fri Jun 01 23:46:24 CST 2018]; root of context hierarchy
2018-06-01 23:46:27.401  INFO 13092 --- [restartedMain] s.w.s.m.m.a.RequestMappingHandlerMapping : Mapped "{[/demo/demo1],methods=[GET]}" onto public java.lang.Object snoob.gdd.controller.DemoController.demo()
2018-06-01 23:46:27.401  INFO 13092 --- [restartedMain] s.w.s.m.m.a.RequestMappingHandlerMapping : Mapped "{[/email/send/{type}/{receiver}],methods=[GET]}" onto public java.lang.Object snoob.gdd.controller.EmailCodeController.send(java.lang.String,java.lang.String) throws java.lang.Exception
2018-06-01 23:46:27.401  INFO 13092 --- [restartedMain] s.w.s.m.m.a.RequestMappingHandlerMapping : Mapped "{[/email/checkEmailCode/{type}/{email}/{code}]}" onto public java.lang.Object snoob.gdd.controller.EmailCodeController.checkEmailCode(java.lang.String,java.lang.String,java.lang.String) throws java.lang.Exception
2018-06-01 23:46:27.401  INFO 13092 --- [restartedMain] s.w.s.m.m.a.RequestMappingHandlerMapping : Mapped "{[/user/register],methods=[POST]}" onto public java.lang.Object snoob.gdd.controller.UserController.register(snoob.gdd.model.User) throws java.lang.Exception
2018-06-01 23:46:27.401  INFO 13092 --- [restartedMain] s.w.s.m.m.a.RequestMappingHandlerMapping : Mapped "{[/user/modifyPassword],methods=[PUT]}" onto public java.lang.Object snoob.gdd.controller.UserController.modifyPassword(snoob.gdd.model.User) throws java.lang.Exception
2018-06-01 23:46:27.401  INFO 13092 --- [restartedMain] s.w.s.m.m.a.RequestMappingHandlerMapping : Mapped "{[/user/login],methods=[POST]}" onto public java.lang.Object snoob.gdd.controller.UserController.login(snoob.gdd.model.User) throws java.lang.Exception
2018-06-01 23:46:27.401  INFO 13092 --- [restartedMain] s.w.s.m.m.a.RequestMappingHandlerMapping : Mapped "{[/error]}" onto public org.springframework.http.ResponseEntity<java.util.Map<java.lang.String, java.lang.Object>> org.springframework.boot.autoconfigure.web.servlet.error.BasicErrorController.error(javax.servlet.http.HttpServletRequest)
2018-06-01 23:46:27.417  INFO 13092 --- [restartedMain] s.w.s.m.m.a.RequestMappingHandlerMapping : Mapped "{[/error],produces=[text/html]}" onto public org.springframework.web.servlet.ModelAndView org.springframework.boot.autoconfigure.web.servlet.error.BasicErrorController.errorHtml(javax.servlet.http.HttpServletRequest,javax.servlet.http.HttpServletResponse)
2018-06-01 23:46:27.448  INFO 13092 --- [restartedMain] o.s.w.s.handler.SimpleUrlHandlerMapping  : Mapped URL path [/webjars/**] onto handler of type [class org.springframework.web.servlet.resource.ResourceHttpRequestHandler]
2018-06-01 23:46:27.448  INFO 13092 --- [restartedMain] o.s.w.s.handler.SimpleUrlHandlerMapping  : Mapped URL path [/**] onto handler of type [class org.springframework.web.servlet.resource.ResourceHttpRequestHandler]
2018-06-01 23:46:27.464  INFO 13092 --- [restartedMain] .m.m.a.ExceptionHandlerExceptionResolver : Detected @ExceptionHandler methods in exceptionHandle
2018-06-01 23:46:27.511  WARN 13092 --- [restartedMain] ion$DefaultTemplateResolverConfiguration : Cannot find template location: classpath:/templates/ (please add some templates or check your Thymeleaf configuration)
2018-06-01 23:46:27.964  INFO 13092 --- [restartedMain] o.s.b.d.a.OptionalLiveReloadServer       : LiveReload server is running on port 35729
2018-06-01 23:46:27.980  INFO 13092 --- [restartedMain] o.s.j.e.a.AnnotationMBeanExporter        : Registering beans for JMX exposure on startup
2018-06-01 23:46:27.995  INFO 13092 --- [restartedMain] o.s.j.e.a.AnnotationMBeanExporter        : Bean with name 'dataSource' has been autodetected for JMX exposure
2018-06-01 23:46:27.995  INFO 13092 --- [restartedMain] o.s.j.e.a.AnnotationMBeanExporter        : Located MBean 'dataSource': registering with JMX server as MBean [com.zaxxer.hikari:name=dataSource,type=HikariDataSource]
2018-06-01 23:46:28.042  INFO 13092 --- [restartedMain] o.s.b.w.embedded.tomcat.TomcatWebServer  : Tomcat started on port(s): 8080 (http) with context path ''
2018-06-01 23:46:28.058  INFO 13092 --- [restartedMain] snoob.gdd.GddApplication                 : Started GddApplication in 4.239 seconds (JVM running for 5.326)
2018-06-01 23:46:45.226  INFO 13092 --- [http-nio-8080-exec-2] o.a.c.c.C.[Tomcat].[localhost].[/]       : Initializing Spring FrameworkServlet 'dispatcherServlet'
2018-06-01 23:46:45.226  INFO 13092 --- [http-nio-8080-exec-2] o.s.web.servlet.DispatcherServlet        : FrameworkServlet 'dispatcherServlet': initialization started
2018-06-01 23:46:45.257  INFO 13092 --- [http-nio-8080-exec-2] o.s.web.servlet.DispatcherServlet        : FrameworkServlet 'dispatcherServlet': initialization completed in 31 ms
2018-06-01 23:47:03.169  INFO 13092 --- [http-nio-8080-exec-2] com.zaxxer.hikari.HikariDataSource       : HikariPool-1 - Starting...
2018-06-01 23:47:03.356  INFO 13092 --- [http-nio-8080-exec-2] com.zaxxer.hikari.HikariDataSource       : HikariPool-1 - Start completed.
2018-06-01 23:47:03.363 DEBUG 13092 --- [http-nio-8080-exec-2] s.g.m.EmailCodeMapper.insertSelective    : ==>  Preparing: INSERT INTO email_code ( id,type,sender,receiver,subject,content,code ) VALUES( ?,?,?,?,?,?,? ) 
2018-06-01 23:47:03.388 DEBUG 13092 --- [http-nio-8080-exec-2] s.g.m.EmailCodeMapper.insertSelective    : ==> Parameters: ce1d524d-f8c2-4d5a-90e9-24d8e64d0c1d(String), 1(String), lixing_java@sina.com(String), lixing_java@163.com(String), 忘记密码模块发送验证码功能(String), <h1>验证码:</h1><a href=http://127.0.0.1:4200/login style=color:#F00>PC8H</a>(String), PC8H(String)
2018-06-01 23:47:03.396 DEBUG 13092 --- [http-nio-8080-exec-2] s.g.m.EmailCodeMapper.insertSelective    : <==    Updates: 1
2018-06-01 23:51:06.554  INFO 13092 --- [http-nio-8080-exec-3] snoob.gdd.controller.DemoController      : 1
2018-06-01 23:51:06.555  INFO 13092 --- [http-nio-8080-exec-3] snoob.gdd.controller.DemoController      : Page{currentPage=1, currentPageSize=10, start=1, end=10}
